2025-02-16 19:44:32,456 - INFO - Conectado a la red WiFi.
2025-02-16 19:44:32,504 - INFO - Conexión con TAPO P115 exitosa.
2025-02-16 19:48:24,475 - INFO - La herramienta está caliente (> 45°C). Esperando a que se enfríe...
2025-02-16 19:48:34,495 - INFO - La herramienta está caliente (> 45°C). Esperando a que se enfríe...
2025-02-16 19:48:44,508 - INFO - La herramienta está caliente (> 45°C). Esperando a que se enfríe...
2025-02-16 19:48:54,529 - INFO - La herramienta está caliente (> 45°C). Esperando a que se enfríe...
2025-02-16 19:49:04,543 - INFO - La herramienta está caliente (> 45°C). Esperando a que se enfríe...
2025-02-16 19:49:14,556 - INFO - La herramienta está caliente (> 45°C). Esperando a que se enfríe...
2025-02-16 19:49:24,569 - INFO - La herramienta está caliente (> 45°C). Esperando a que se enfríe...
2025-02-16 19:49:34,591 - INFO - La herramienta está caliente (> 45°C). Esperando a que se enfríe...
2025-02-16 19:49:44,604 - INFO - La herramienta está caliente (> 45°C). Esperando a que se enfríe...
2025-02-16 19:49:54,626 - INFO - La herramienta está caliente (> 45°C). Esperando a que se enfríe...
2025-02-16 19:50:04,642 - INFO - La herramienta está caliente (> 45°C). Esperando a que se enfríe...
2025-02-16 19:50:14,666 - INFO - La herramienta está caliente (> 45°C). Esperando a que se enfríe...
2025-02-16 19:50:24,686 - INFO - La herramienta está caliente (> 45°C). Esperando a que se enfríe...
2025-02-16 19:50:34,699 - INFO - La herramienta está caliente (> 45°C). Esperando a que se enfríe...
2025-02-16 19:50:44,869 - INFO - La herramienta está caliente (> 45°C). Esperando a que se enfríe...
2025-02-16 19:50:54,895 - INFO - La herramienta está caliente (> 45°C). Esperando a que se enfríe...
2025-02-16 19:51:04,912 - INFO - La herramienta está caliente (> 45°C). Esperando a que se enfríe...
2025-02-16 19:51:14,930 - INFO - La herramienta está caliente (> 45°C). Esperando a que se enfríe...
2025-02-16 19:51:24,947 - INFO - La herramienta está caliente (> 45°C). Esperando a que se enfríe...
2025-02-16 19:51:34,963 - INFO - La herramienta está caliente (> 45°C). Esperando a que se enfríe...
2025-02-16 19:51:44,981 - INFO - La herramienta está caliente (> 45°C). Esperando a que se enfríe...
2025-02-16 19:51:55,002 - INFO - Procediendo al apagado.
2025-02-16 19:51:55,152 - INFO - Impresora apagada.
2025-02-16 19:51:55,152 - INFO - La impresora se apagó exitosamente.
2025-02-16 19:51:55,172 - INFO - Procediendo al apagado.
2025-02-16 19:51:55,200 - INFO - Impresora apagada.
2025-02-16 19:51:55,200 - INFO - La impresora se apagó exitosamente.
2025-02-16 19:51:55,227 - INFO - Procediendo al apagado.
2025-02-16 19:51:55,245 - INFO - Impresora apagada.
2025-02-16 19:51:55,246 - INFO - La impresora se apagó exitosamente.
2025-02-16 20:04:13,990 - INFO - Impresora encendida.
2025-02-16 20:04:15,423 - INFO - Impresora encendida.
2025-02-16 20:04:16,787 - INFO - Impresora encendida.
2025-02-16 20:56:44,064 - INFO - La impresora esta ocupada. Cancelando apagado.
2025-02-16 20:56:45,088 - INFO - La herramienta está caliente (> 45°C). Esperando a que se enfríe...
2025-02-16 20:56:55,102 - INFO - La herramienta está caliente (> 45°C). Esperando a que se enfríe...
2025-02-16 20:57:05,117 - INFO - La herramienta está caliente (> 45°C). Esperando a que se enfríe...
2025-02-16 20:57:15,130 - INFO - La herramienta está caliente (> 45°C). Esperando a que se enfríe...
2025-02-16 20:57:25,150 - INFO - La herramienta está caliente (> 45°C). Esperando a que se enfríe...
2025-02-16 20:57:35,164 - INFO - La herramienta está caliente (> 45°C). Esperando a que se enfríe...
2025-02-16 20:57:45,186 - INFO - La herramienta está caliente (> 45°C). Esperando a que se enfríe...
2025-02-16 20:57:55,210 - INFO - La herramienta está caliente (> 45°C). Esperando a que se enfríe...
2025-02-16 20:58:05,235 - INFO - La herramienta está caliente (> 45°C). Esperando a que se enfríe...
2025-02-16 20:58:15,256 - INFO - La herramienta está caliente (> 45°C). Esperando a que se enfríe...
2025-02-16 20:58:25,270 - INFO - La herramienta está caliente (> 45°C). Esperando a que se enfríe...
2025-02-16 20:58:35,295 - INFO - La herramienta está caliente (> 45°C). Esperando a que se enfríe...
2025-02-16 20:58:45,313 - INFO - La herramienta está caliente (> 45°C). Esperando a que se enfríe...
2025-02-16 20:58:55,332 - INFO - La herramienta está caliente (> 45°C). Esperando a que se enfríe...
2025-02-16 20:59:05,344 - INFO - La herramienta está caliente (> 45°C). Esperando a que se enfríe...
2025-02-16 20:59:15,357 - INFO - La herramienta está caliente (> 45°C). Esperando a que se enfríe...
2025-02-16 20:59:25,371 - INFO - La herramienta está caliente (> 45°C). Esperando a que se enfríe...
2025-02-16 20:59:35,387 - INFO - La herramienta está caliente (> 45°C). Esperando a que se enfríe...
2025-02-16 20:59:45,404 - INFO - La herramienta está caliente (> 45°C). Esperando a que se enfríe...
2025-02-16 20:59:55,420 - INFO - La herramienta está caliente (> 45°C). Esperando a que se enfríe...
2025-02-16 21:00:05,441 - INFO - La herramienta está caliente (> 45°C). Esperando a que se enfríe...
2025-02-16 21:00:15,463 - INFO - La herramienta está caliente (> 45°C). Esperando a que se enfríe...
2025-02-16 21:00:25,482 - INFO - La herramienta está caliente (> 45°C). Esperando a que se enfríe...
2025-02-16 21:00:35,496 - INFO - La herramienta está caliente (> 45°C). Esperando a que se enfríe...
2025-02-16 21:00:45,514 - INFO - La herramienta está caliente (> 45°C). Esperando a que se enfríe...
2025-02-16 21:00:55,526 - INFO - La herramienta está caliente (> 45°C). Esperando a que se enfríe...
2025-02-16 21:01:05,541 - INFO - La herramienta está caliente (> 45°C). Esperando a que se enfríe...
2025-02-16 21:01:15,554 - INFO - La herramienta está caliente (> 45°C). Esperando a que se enfríe...
2025-02-16 21:01:25,569 - INFO - La herramienta está caliente (> 45°C). Esperando a que se enfríe...
2025-02-16 21:01:35,581 - INFO - La herramienta está caliente (> 45°C). Esperando a que se enfríe...
2025-02-16 21:01:45,594 - INFO - La herramienta está caliente (> 45°C). Esperando a que se enfríe...
2025-02-16 21:01:55,609 - INFO - La herramienta está caliente (> 45°C). Esperando a que se enfríe...
2025-02-16 21:02:05,621 - INFO - La herramienta está caliente (> 45°C). Esperando a que se enfríe...
2025-02-16 21:02:15,638 - INFO - La herramienta está caliente (> 45°C). Esperando a que se enfríe...
2025-02-16 21:02:25,654 - INFO - La herramienta está caliente (> 45°C). Esperando a que se enfríe...
2025-02-16 21:02:35,666 - INFO - La herramienta está caliente (> 45°C). Esperando a que se enfríe...
2025-02-16 21:02:45,679 - INFO - La herramienta está caliente (> 45°C). Esperando a que se enfríe...
2025-02-16 21:02:55,691 - INFO - La herramienta está caliente (> 45°C). Esperando a que se enfríe...
2025-02-16 21:03:05,705 - INFO - La herramienta está caliente (> 45°C). Esperando a que se enfríe...
2025-02-16 21:03:15,719 - INFO - La herramienta está caliente (> 45°C). Esperando a que se enfríe...
2025-02-16 21:03:25,731 - INFO - La herramienta está caliente (> 45°C). Esperando a que se enfríe...
2025-02-16 21:03:35,748 - INFO - La herramienta está caliente (> 45°C). Esperando a que se enfríe...
2025-02-16 21:03:45,768 - INFO - La herramienta está caliente (> 45°C). Esperando a que se enfríe...
2025-02-16 21:03:55,790 - INFO - La herramienta está caliente (> 45°C). Esperando a que se enfríe...
2025-02-16 21:04:05,808 - INFO - La herramienta está caliente (> 45°C). Esperando a que se enfríe...
2025-02-16 21:04:15,828 - INFO - La herramienta está caliente (> 45°C). Esperando a que se enfríe...
2025-02-16 21:04:25,850 - INFO - La herramienta está caliente (> 45°C). Esperando a que se enfríe...
2025-02-16 21:04:35,879 - INFO - La herramienta está caliente (> 45°C). Esperando a que se enfríe...
2025-02-16 21:04:45,904 - INFO - La herramienta está caliente (> 45°C). Esperando a que se enfríe...
2025-02-16 21:04:55,918 - INFO - Procediendo al apagado.
2025-02-16 21:04:56,178 - INFO - Impresora apagada.
2025-02-16 21:04:56,178 - INFO - La impresora se apagó exitosamente.
2025-02-16 21:04:56,203 - INFO - Procediendo al apagado.
2025-02-16 21:04:56,222 - INFO - Impresora apagada.
2025-02-16 21:04:56,222 - INFO - La impresora se apagó exitosamente.
2025-02-16 23:06:27,762 - WARNING - Esperando conexión a la red WiFi...
2025-02-16 23:06:32,764 - WARNING - Esperando conexión a la red WiFi...
2025-02-16 23:06:37,765 - WARNING - Esperando conexión a la red WiFi...
2025-02-16 23:06:42,766 - WARNING - Esperando conexión a la red WiFi...
2025-02-16 23:06:47,767 - WARNING - Esperando conexión a la red WiFi...
2025-02-16 23:06:52,768 - WARNING - Esperando conexión a la red WiFi...
2025-02-16 23:06:57,769 - WARNING - Esperando conexión a la red WiFi...
2025-02-16 23:07:02,769 - WARNING - Esperando conexión a la red WiFi...
2025-02-16 23:07:07,771 - WARNING - Esperando conexión a la red WiFi...
2025-02-16 23:07:12,771 - WARNING - Esperando conexión a la red WiFi...
2025-02-16 23:07:17,772 - WARNING - Esperando conexión a la red WiFi...
2025-02-16 23:07:22,785 - INFO - Conectado a la red WiFi.
2025-02-16 23:07:22,823 - INFO - Conexión con TAPO P115 exitosa.
2025-02-17 09:17:56,824 - INFO - Impresora encendida.
2025-02-17 09:17:57,852 - INFO - Impresora encendida.
2025-02-17 09:17:58,882 - INFO - Impresora encendida.
2025-02-17 10:36:01,890 - INFO - La herramienta está caliente (> 45°C). Esperando a que se enfríe...
2025-02-17 10:36:11,906 - INFO - La herramienta está caliente (> 45°C). Esperando a que se enfríe...
2025-02-17 10:36:21,922 - INFO - La herramienta está caliente (> 45°C). Esperando a que se enfríe...
2025-02-17 10:36:31,943 - INFO - La herramienta está caliente (> 45°C). Esperando a que se enfríe...
2025-02-17 10:36:41,969 - INFO - La herramienta está caliente (> 45°C). Esperando a que se enfríe...
2025-02-17 10:36:51,984 - INFO - La herramienta está caliente (> 45°C). Esperando a que se enfríe...
2025-02-17 10:37:02,001 - INFO - La herramienta está caliente (> 45°C). Esperando a que se enfríe...
2025-02-17 10:37:12,022 - INFO - La herramienta está caliente (> 45°C). Esperando a que se enfríe...
2025-02-17 10:37:22,053 - INFO - La herramienta está caliente (> 45°C). Esperando a que se enfríe...
2025-02-17 10:37:32,074 - INFO - La herramienta está caliente (> 45°C). Esperando a que se enfríe...
2025-02-17 10:37:42,098 - INFO - La herramienta está caliente (> 45°C). Esperando a que se enfríe...
2025-02-17 10:37:52,111 - INFO - La herramienta está caliente (> 45°C). Esperando a que se enfríe...
2025-02-17 10:38:02,128 - INFO - La herramienta está caliente (> 45°C). Esperando a que se enfríe...
2025-02-17 10:38:12,143 - INFO - La herramienta está caliente (> 45°C). Esperando a que se enfríe...
2025-02-17 10:38:22,163 - INFO - La herramienta está caliente (> 45°C). Esperando a que se enfríe...
2025-02-17 10:38:32,195 - INFO - La herramienta está caliente (> 45°C). Esperando a que se enfríe...
2025-02-17 10:38:42,212 - INFO - La herramienta está caliente (> 45°C). Esperando a que se enfríe...
2025-02-17 10:38:52,232 - INFO - La herramienta está caliente (> 45°C). Esperando a que se enfríe...
2025-02-17 10:39:02,245 - INFO - La herramienta está caliente (> 45°C). Esperando a que se enfríe...
2025-02-17 10:39:12,264 - INFO - La herramienta está caliente (> 45°C). Esperando a que se enfríe...
2025-02-17 10:39:22,282 - INFO - La herramienta está caliente (> 45°C). Esperando a que se enfríe...
2025-02-17 10:39:32,296 - INFO - La herramienta está caliente (> 45°C). Esperando a que se enfríe...
2025-02-17 10:39:42,311 - INFO - La herramienta está caliente (> 45°C). Esperando a que se enfríe...
2025-02-17 10:39:52,331 - INFO - La herramienta está caliente (> 45°C). Esperando a que se enfríe...
2025-02-17 10:40:02,344 - INFO - La herramienta está caliente (> 45°C). Esperando a que se enfríe...
2025-02-17 10:40:12,362 - INFO - La herramienta está caliente (> 45°C). Esperando a que se enfríe...
2025-02-17 10:40:22,379 - INFO - La herramienta está caliente (> 45°C). Esperando a que se enfríe...
2025-02-17 10:40:32,395 - INFO - La herramienta está caliente (> 45°C). Esperando a que se enfríe...
2025-02-17 10:40:42,421 - INFO - La herramienta está caliente (> 45°C). Esperando a que se enfríe...
2025-02-17 10:40:52,458 - INFO - La herramienta está caliente (> 45°C). Esperando a que se enfríe...
2025-02-17 10:41:02,485 - INFO - La herramienta está caliente (> 45°C). Esperando a que se enfríe...
2025-02-17 10:41:12,497 - INFO - La impresora esta ocupada. Cancelando apagado.
2025-02-17 10:41:12,519 - INFO - La impresora esta ocupada. Cancelando apagado.
2025-02-17 10:41:12,530 - INFO - La impresora esta ocupada. Cancelando apagado.
2025-02-17 11:17:20,841 - INFO - Procediendo al apagado.
2025-02-17 11:17:20,960 - INFO - Impresora apagada.
2025-02-17 11:17:20,965 - INFO - La impresora se apagó exitosamente.
2025-02-17 11:17:21,982 - INFO - Procediendo al apagado.
2025-02-17 11:17:22,003 - INFO - Impresora apagada.
2025-02-17 11:17:22,003 - INFO - La impresora se apagó exitosamente.
2025-02-17 11:17:23,025 - INFO - Procediendo al apagado.
2025-02-17 11:17:23,045 - INFO - Impresora apagada.
2025-02-17 11:17:23,045 - INFO - La impresora se apagó exitosamente.
2025-02-17 13:02:16,203 - INFO - Impresora encendida.
2025-02-17 13:02:17,225 - INFO - Impresora encendida.
2025-02-17 13:02:18,252 - INFO - Impresora encendida.
2025-02-17 13:10:47,298 - INFO - Procediendo al apagado.
2025-02-17 13:10:47,419 - INFO - Impresora apagada.
2025-02-17 13:10:47,420 - INFO - La impresora se apagó exitosamente.
2025-02-17 13:10:48,446 - INFO - Procediendo al apagado.
2025-02-17 13:10:48,464 - INFO - Impresora apagada.
2025-02-17 13:10:48,464 - INFO - La impresora se apagó exitosamente.
2025-02-17 13:10:49,487 - INFO - Procediendo al apagado.
2025-02-17 13:10:49,510 - INFO - Impresora apagada.
2025-02-17 13:10:49,510 - INFO - La impresora se apagó exitosamente.
2025-02-17 13:27:56,143 - INFO - Impresora encendida.
2025-02-17 13:27:57,173 - INFO - Impresora encendida.
2025-02-17 13:27:58,202 - INFO - Impresora encendida.
2025-02-17 15:49:42,686 - INFO - La herramienta está caliente (> 45°C). Esperando a que se enfríe...
2025-02-17 15:49:52,698 - INFO - La herramienta está caliente (> 45°C). Esperando a que se enfríe...
2025-02-17 15:50:02,714 - INFO - La herramienta está caliente (> 45°C). Esperando a que se enfríe...
2025-02-17 15:50:12,730 - INFO - La herramienta está caliente (> 45°C). Esperando a que se enfríe...
2025-02-17 15:50:22,746 - INFO - La herramienta está caliente (> 45°C). Esperando a que se enfríe...
2025-02-17 15:50:32,761 - INFO - La herramienta está caliente (> 45°C). Esperando a que se enfríe...
2025-02-17 15:50:42,774 - INFO - La herramienta está caliente (> 45°C). Esperando a que se enfríe...
2025-02-17 15:50:52,789 - INFO - La herramienta está caliente (> 45°C). Esperando a que se enfríe...
2025-02-17 15:51:02,801 - INFO - La herramienta está caliente (> 45°C). Esperando a que se enfríe...
2025-02-17 15:51:12,814 - INFO - La herramienta está caliente (> 45°C). Esperando a que se enfríe...
2025-02-17 15:51:22,833 - INFO - La herramienta está caliente (> 45°C). Esperando a que se enfríe...
2025-02-17 15:51:32,848 - INFO - La herramienta está caliente (> 45°C). Esperando a que se enfríe...
2025-02-17 15:51:42,860 - INFO - La herramienta está caliente (> 45°C). Esperando a que se enfríe...
2025-02-17 15:51:52,873 - INFO - La herramienta está caliente (> 45°C). Esperando a que se enfríe...
2025-02-17 15:52:02,886 - INFO - La herramienta está caliente (> 45°C). Esperando a que se enfríe...
2025-02-17 15:52:12,899 - INFO - La herramienta está caliente (> 45°C). Esperando a que se enfríe...
2025-02-17 15:52:22,913 - INFO - La herramienta está caliente (> 45°C). Esperando a que se enfríe...
2025-02-17 15:52:32,926 - INFO - La herramienta está caliente (> 45°C). Esperando a que se enfríe...
2025-02-17 15:52:42,938 - INFO - La herramienta está caliente (> 45°C). Esperando a que se enfríe...
2025-02-17 15:52:52,956 - INFO - La herramienta está caliente (> 45°C). Esperando a que se enfríe...
2025-02-17 15:53:02,969 - INFO - La herramienta está caliente (> 45°C). Esperando a que se enfríe...
2025-02-17 15:53:12,986 - INFO - La herramienta está caliente (> 45°C). Esperando a que se enfríe...
2025-02-17 15:53:22,998 - INFO - La herramienta está caliente (> 45°C). Esperando a que se enfríe...
2025-02-17 15:53:33,011 - INFO - La herramienta está caliente (> 45°C). Esperando a que se enfríe...
2025-02-17 15:53:43,024 - INFO - La herramienta está caliente (> 45°C). Esperando a que se enfríe...
2025-02-17 15:53:53,037 - INFO - La herramienta está caliente (> 45°C). Esperando a que se enfríe...
2025-02-17 15:54:03,049 - INFO - La herramienta está caliente (> 45°C). Esperando a que se enfríe...
2025-02-17 15:54:13,066 - INFO - La herramienta está caliente (> 45°C). Esperando a que se enfríe...
2025-02-17 15:54:23,081 - INFO - La herramienta está caliente (> 45°C). Esperando a que se enfríe...
2025-02-17 15:54:33,095 - INFO - La herramienta está caliente (> 45°C). Esperando a que se enfríe...
2025-02-17 15:54:43,111 - INFO - La herramienta está caliente (> 45°C). Esperando a que se enfríe...
2025-02-17 15:54:53,129 - INFO - La herramienta está caliente (> 45°C). Esperando a que se enfríe...
2025-02-17 15:55:03,143 - INFO - La herramienta está caliente (> 45°C). Esperando a que se enfríe...
2025-02-17 15:55:13,160 - INFO - La herramienta está caliente (> 45°C). Esperando a que se enfríe...
2025-02-17 15:55:23,179 - INFO - La herramienta está caliente (> 45°C). Esperando a que se enfríe...
2025-02-17 15:55:33,199 - INFO - La herramienta está caliente (> 45°C). Esperando a que se enfríe...
2025-02-17 15:55:43,215 - INFO - La herramienta está caliente (> 45°C). Esperando a que se enfríe...
2025-02-17 15:55:53,227 - INFO - La herramienta está caliente (> 45°C). Esperando a que se enfríe...
2025-02-17 15:56:03,240 - INFO - La herramienta está caliente (> 45°C). Esperando a que se enfríe...
2025-02-17 15:56:13,256 - INFO - La herramienta está caliente (> 45°C). Esperando a que se enfríe...
2025-02-17 15:56:23,285 - INFO - La herramienta está caliente (> 45°C). Esperando a que se enfríe...
2025-02-17 15:56:33,300 - INFO - La herramienta está caliente (> 45°C). Esperando a que se enfríe...
2025-02-17 15:56:43,312 - INFO - La herramienta está caliente (> 45°C). Esperando a que se enfríe...
2025-02-17 15:56:53,326 - INFO - La herramienta está caliente (> 45°C). Esperando a que se enfríe...
2025-02-17 15:57:03,338 - INFO - La herramienta está caliente (> 45°C). Esperando a que se enfríe...
2025-02-17 15:57:13,352 - INFO - La herramienta está caliente (> 45°C). Esperando a que se enfríe...
2025-02-17 15:57:23,368 - INFO - La herramienta está caliente (> 45°C). Esperando a que se enfríe...
2025-02-17 15:57:33,381 - INFO - La herramienta está caliente (> 45°C). Esperando a que se enfríe...
2025-02-17 15:57:43,398 - INFO - Procediendo al apagado.
2025-02-17 15:57:43,517 - INFO - Impresora apagada.
2025-02-17 15:57:43,518 - INFO - La impresora se apagó exitosamente.
2025-02-17 15:57:43,530 - INFO - Procediendo al apagado.
2025-02-17 15:57:43,548 - INFO - Impresora apagada.
2025-02-17 15:57:43,548 - INFO - La impresora se apagó exitosamente.
2025-02-17 15:57:43,564 - INFO - Procediendo al apagado.
2025-02-17 15:57:43,583 - INFO - Impresora apagada.
2025-02-17 15:57:43,583 - INFO - La impresora se apagó exitosamente.
2025-02-17 16:01:14,937 - INFO - Impresora encendida.
2025-02-17 16:01:15,963 - INFO - Impresora encendida.
2025-02-17 16:01:16,997 - INFO - Impresora encendida.
2025-02-17 16:15:57,243 - INFO - Conectado a la red WiFi.
2025-02-17 16:15:57,287 - INFO - Conexión con TAPO P115 exitosa.
2025-02-17 18:06:49,186 - INFO - Conectado a la red WiFi.
2025-02-17 18:06:49,224 - INFO - Conexión con TAPO P115 exitosa.
2025-02-17 18:35:35,420 - INFO - Conectado a la red WiFi.
2025-02-17 18:35:35,457 - INFO - Conexión con TAPO P115 exitosa.
2025-02-17 18:50:40,836 - INFO - Conectado a la red WiFi.
2025-02-17 18:50:40,882 - INFO - Conexión con TAPO P115 exitosa.
2025-02-17 18:55:48,051 - INFO - Conectado a la red WiFi.
2025-02-17 18:55:48,112 - INFO - Conexión con TAPO P115 exitosa.
2025-02-17 19:09:26,383 - INFO - Impresora encendida.
2025-02-17 19:09:27,413 - INFO - Impresora encendida.
2025-02-17 19:09:28,438 - INFO - Impresora encendida.
2025-02-17 20:21:11,745 - INFO - Procediendo al apagado.
2025-02-17 20:21:11,866 - INFO - Impresora apagada.
2025-02-17 20:21:11,866 - INFO - La impresora se apagó exitosamente.
2025-02-17 20:21:12,898 - INFO - Procediendo al apagado.
2025-02-17 20:21:12,915 - INFO - Impresora apagada.
2025-02-17 20:21:12,916 - INFO - La impresora se apagó exitosamente.
2025-02-17 20:21:13,941 - INFO - Procediendo al apagado.
2025-02-17 20:21:13,961 - INFO - Impresora apagada.
2025-02-17 20:21:13,962 - INFO - La impresora se apagó exitosamente.
2025-02-17 20:21:57,413 - INFO - Impresora encendida.
2025-02-17 20:21:58,449 - INFO - Impresora encendida.
2025-02-17 20:21:59,473 - INFO - Impresora encendida.
2025-02-17 20:22:38,335 - INFO - Procediendo al apagado.
2025-02-17 20:22:38,452 - INFO - Impresora apagada.
2025-02-17 20:22:38,452 - INFO - La impresora se apagó exitosamente.
2025-02-17 20:22:39,476 - INFO - Procediendo al apagado.
2025-02-17 20:22:39,494 - INFO - Impresora apagada.
2025-02-17 20:22:39,494 - INFO - La impresora se apagó exitosamente.
2025-02-17 20:22:40,519 - INFO - Procediendo al apagado.
2025-02-17 20:22:40,536 - INFO - Impresora apagada.
2025-02-17 20:22:40,537 - INFO - La impresora se apagó exitosamente.
2025-02-17 20:22:50,039 - INFO - Impresora encendida.
2025-02-17 20:22:51,071 - INFO - Impresora encendida.
2025-02-17 20:22:52,100 - INFO - Impresora encendida.
2025-02-17 20:23:50,831 - INFO - Procediendo al apagado.
2025-02-17 20:23:50,961 - INFO - Impresora apagada.
2025-02-17 20:23:50,961 - INFO - La impresora se apagó exitosamente.
2025-02-17 20:23:51,981 - INFO - Procediendo al apagado.
2025-02-17 20:23:52,002 - INFO - Impresora apagada.
2025-02-17 20:23:52,002 - INFO - La impresora se apagó exitosamente.
2025-02-17 20:23:53,048 - INFO - Procediendo al apagado.
2025-02-17 20:23:53,065 - INFO - Impresora apagada.
2025-02-17 20:23:53,065 - INFO - La impresora se apagó exitosamente.
2025-02-17 20:24:59,924 - INFO - Impresora encendida.
2025-02-17 20:25:00,953 - INFO - Impresora encendida.
2025-02-17 20:25:02,017 - INFO - Impresora encendida.
2025-02-17 20:25:11,388 - INFO - Procediendo al apagado.
2025-02-17 20:25:11,509 - INFO - Impresora apagada.
2025-02-17 20:25:11,509 - INFO - La impresora se apagó exitosamente.
2025-02-17 20:25:12,532 - INFO - Procediendo al apagado.
2025-02-17 20:25:12,551 - INFO - Impresora apagada.
2025-02-17 20:25:12,551 - INFO - La impresora se apagó exitosamente.
2025-02-17 20:25:13,578 - INFO - Procediendo al apagado.
2025-02-17 20:25:13,594 - INFO - Impresora apagada.
2025-02-17 20:25:13,595 - INFO - La impresora se apagó exitosamente.
2025-02-17 20:26:15,297 - INFO - Impresora encendida.
2025-02-17 20:26:16,325 - INFO - Impresora encendida.
2025-02-17 20:26:17,349 - INFO - Impresora encendida.
2025-02-17 20:54:29,592 - INFO - Procediendo al apagado.
2025-02-17 20:54:29,711 - INFO - Impresora apagada.
2025-02-17 20:54:29,711 - INFO - La impresora se apagó exitosamente.
2025-02-17 20:54:30,729 - INFO - Procediendo al apagado.
2025-02-17 20:54:30,750 - INFO - Impresora apagada.
2025-02-17 20:54:30,750 - INFO - La impresora se apagó exitosamente.
2025-02-17 20:54:31,773 - INFO - Procediendo al apagado.
2025-02-17 20:54:31,792 - INFO - Impresora apagada.
2025-02-17 20:54:31,792 - INFO - La impresora se apagó exitosamente.
2025-02-17 20:54:42,373 - INFO - Impresora encendida.
2025-02-17 20:54:43,408 - INFO - Impresora encendida.
2025-02-17 20:54:44,433 - INFO - Impresora encendida.
2025-02-17 20:58:25,741 - INFO - Procediendo al apagado.
2025-02-17 20:58:25,853 - INFO - Impresora apagada.
2025-02-17 20:58:25,854 - INFO - La impresora se apagó exitosamente.
2025-02-17 20:58:26,879 - INFO - Procediendo al apagado.
2025-02-17 20:58:26,897 - INFO - Impresora apagada.
2025-02-17 20:58:26,897 - INFO - La impresora se apagó exitosamente.
2025-02-17 20:58:27,922 - INFO - Procediendo al apagado.
2025-02-17 20:58:27,944 - INFO - Impresora apagada.
2025-02-17 20:58:27,944 - INFO - La impresora se apagó exitosamente.
2025-02-17 21:03:04,622 - INFO - Impresora encendida.
2025-02-17 21:03:05,650 - INFO - Impresora encendida.
2025-02-17 21:03:06,682 - INFO - Impresora encendida.
2025-02-17 21:09:35,037 - INFO - Procediendo al apagado.
2025-02-17 21:09:35,163 - INFO - Impresora apagada.
2025-02-17 21:09:35,163 - INFO - La impresora se apagó exitosamente.
2025-02-17 21:09:36,196 - INFO - Procediendo al apagado.
2025-02-17 21:09:36,218 - INFO - Impresora apagada.
2025-02-17 21:09:36,219 - INFO - La impresora se apagó exitosamente.
2025-02-17 21:09:37,255 - INFO - Procediendo al apagado.
2025-02-17 21:09:37,275 - INFO - Impresora apagada.
2025-02-17 21:09:37,276 - INFO - La impresora se apagó exitosamente.
2025-02-17 21:13:56,484 - INFO - Impresora encendida.
2025-02-17 21:13:57,529 - INFO - Impresora encendida.
2025-02-17 21:13:58,559 - INFO - Impresora encendida.
2025-02-17 21:38:38,402 - INFO - Procediendo al apagado.
2025-02-17 21:38:38,534 - INFO - Impresora apagada.
2025-02-17 21:38:38,534 - INFO - La impresora se apagó exitosamente.
2025-02-17 21:38:39,563 - INFO - Procediendo al apagado.
2025-02-17 21:38:39,580 - INFO - Impresora apagada.
2025-02-17 21:38:39,581 - INFO - La impresora se apagó exitosamente.
2025-02-17 21:38:40,609 - INFO - Procediendo al apagado.
2025-02-17 21:38:40,630 - INFO - Impresora apagada.
2025-02-17 21:38:40,631 - INFO - La impresora se apagó exitosamente.
2025-02-17 21:39:59,273 - INFO - Impresora encendida.
2025-02-17 21:40:00,300 - INFO - Impresora encendida.
2025-02-17 21:40:01,324 - INFO - Impresora encendida.
2025-02-17 21:52:02,122 - INFO - Procediendo al apagado.
2025-02-17 21:52:02,238 - INFO - Impresora apagada.
2025-02-17 21:52:02,239 - INFO - La impresora se apagó exitosamente.
2025-02-17 21:52:03,268 - INFO - Procediendo al apagado.
2025-02-17 21:52:03,290 - INFO - Impresora apagada.
2025-02-17 21:52:03,291 - INFO - La impresora se apagó exitosamente.
2025-02-17 21:52:04,311 - INFO - Procediendo al apagado.
2025-02-17 21:52:04,328 - INFO - Impresora apagada.
2025-02-17 21:52:04,328 - INFO - La impresora se apagó exitosamente.
2025-02-17 22:56:04,453 - WARNING - Esperando conexión a la red WiFi...
2025-02-17 22:56:09,455 - WARNING - Esperando conexión a la red WiFi...
2025-02-17 22:56:14,456 - WARNING - Esperando conexión a la red WiFi...
2025-02-17 22:56:19,457 - WARNING - Esperando conexión a la red WiFi...
2025-02-17 22:56:24,458 - WARNING - Esperando conexión a la red WiFi...
2025-02-17 22:56:29,459 - WARNING - Esperando conexión a la red WiFi...
2025-02-17 22:56:34,459 - WARNING - Esperando conexión a la red WiFi...
2025-02-17 22:56:39,461 - WARNING - Esperando conexión a la red WiFi...
2025-02-17 22:56:44,463 - WARNING - Esperando conexión a la red WiFi...
2025-02-17 22:56:49,463 - WARNING - Esperando conexión a la red WiFi...
2025-02-17 22:56:54,464 - WARNING - Esperando conexión a la red WiFi...
2025-02-17 22:56:59,465 - WARNING - Esperando conexión a la red WiFi...
2025-02-17 22:57:04,476 - INFO - Conectado a la red WiFi.
2025-02-17 22:57:04,512 - INFO - Conexión con TAPO P115 exitosa.
2025-02-18 14:49:30,117 - INFO - Conectado a la red WiFi.
2025-02-18 14:49:30,258 - INFO - Conexión con TAPO P115 exitosa.
2025-02-18 15:21:37,040 - INFO - Conectado a la red WiFi.
2025-02-18 15:21:37,141 - INFO - Conexión con TAPO P115 exitosa.
2025-02-18 15:54:02,236 - INFO - Conectado a la red WiFi.
2025-02-18 15:54:02,272 - INFO - Conexión con TAPO P115 exitosa.
2025-02-18 16:09:08,562 - INFO - Conectado a la red WiFi.
2025-02-18 16:09:08,666 - INFO - Conexión con TAPO P115 exitosa.
2025-02-18 17:21:02,709 - INFO - Impresora encendida.
2025-02-18 17:21:03,735 - INFO - Impresora encendida.
2025-02-18 17:21:04,760 - INFO - Impresora encendida.
2025-02-18 17:32:17,313 - INFO - Procediendo al apagado.
2025-02-18 17:32:17,424 - INFO - Impresora apagada.
2025-02-18 17:32:17,424 - INFO - La impresora se apagó exitosamente.
2025-02-18 17:32:18,442 - INFO - Procediendo al apagado.
2025-02-18 17:32:18,458 - INFO - Impresora apagada.
2025-02-18 17:32:18,459 - INFO - La impresora se apagó exitosamente.
2025-02-18 17:32:19,478 - INFO - Procediendo al apagado.
2025-02-18 17:32:19,495 - INFO - Impresora apagada.
2025-02-18 17:32:19,496 - INFO - La impresora se apagó exitosamente.
2025-02-18 17:32:27,360 - INFO - Impresora encendida.
2025-02-18 17:32:28,384 - INFO - Impresora encendida.
2025-02-18 17:32:29,412 - INFO - Impresora encendida.
2025-02-18 17:48:09,583 - INFO - Procediendo al apagado.
2025-02-18 17:48:09,695 - INFO - Impresora apagada.
2025-02-18 17:48:09,695 - INFO - La impresora se apagó exitosamente.
2025-02-18 17:48:10,712 - INFO - Procediendo al apagado.
2025-02-18 17:48:10,731 - INFO - Impresora apagada.
2025-02-18 17:48:10,731 - INFO - La impresora se apagó exitosamente.
2025-02-18 17:48:11,752 - INFO - Procediendo al apagado.
2025-02-18 17:48:11,772 - INFO - Impresora apagada.
2025-02-18 17:48:11,773 - INFO - La impresora se apagó exitosamente.
2025-02-18 18:11:34,487 - INFO - Impresora encendida.
2025-02-18 18:11:35,516 - INFO - Impresora encendida.
2025-02-18 18:11:36,538 - INFO - Impresora encendida.
2025-02-18 19:24:40,546 - INFO - La herramienta está caliente (> 45°C). Esperando a que se enfríe...
2025-02-18 19:24:50,561 - INFO - La herramienta está caliente (> 45°C). Esperando a que se enfríe...
2025-02-18 19:25:00,576 - INFO - La herramienta está caliente (> 45°C). Esperando a que se enfríe...
2025-02-18 19:25:10,595 - INFO - La herramienta está caliente (> 45°C). Esperando a que se enfríe...
2025-02-18 19:25:20,618 - INFO - La herramienta está caliente (> 45°C). Esperando a que se enfríe...
2025-02-18 19:25:30,634 - INFO - La herramienta está caliente (> 45°C). Esperando a que se enfríe...
2025-02-18 19:25:40,665 - INFO - La herramienta está caliente (> 45°C). Esperando a que se enfríe...
2025-02-18 19:25:50,685 - INFO - La herramienta está caliente (> 45°C). Esperando a que se enfríe...
2025-02-18 19:26:00,720 - INFO - La herramienta está caliente (> 45°C). Esperando a que se enfríe...
2025-02-18 19:26:10,745 - INFO - La herramienta está caliente (> 45°C). Esperando a que se enfríe...
2025-02-18 19:26:20,770 - INFO - La herramienta está caliente (> 45°C). Esperando a que se enfríe...
2025-02-18 19:26:30,786 - INFO - La herramienta está caliente (> 45°C). Esperando a que se enfríe...
2025-02-18 19:26:40,803 - INFO - La herramienta está caliente (> 45°C). Esperando a que se enfríe...
2025-02-18 19:26:50,821 - INFO - La herramienta está caliente (> 45°C). Esperando a que se enfríe...
2025-02-18 19:27:00,841 - INFO - La herramienta está caliente (> 45°C). Esperando a que se enfríe...
2025-02-18 19:27:10,854 - INFO - La herramienta está caliente (> 45°C). Esperando a que se enfríe...
2025-02-18 19:27:20,868 - INFO - La herramienta está caliente (> 45°C). Esperando a que se enfríe...
2025-02-18 19:27:30,881 - INFO - La herramienta está caliente (> 45°C). Esperando a que se enfríe...
2025-02-18 19:27:40,893 - INFO - La herramienta está caliente (> 45°C). Esperando a que se enfríe...
2025-02-18 19:27:50,908 - INFO - La herramienta está caliente (> 45°C). Esperando a que se enfríe...
2025-02-18 19:28:00,924 - INFO - La herramienta está caliente (> 45°C). Esperando a que se enfríe...
2025-02-18 19:28:10,950 - INFO - La herramienta está caliente (> 45°C). Esperando a que se enfríe...
2025-02-18 19:28:20,977 - INFO - La herramienta está caliente (> 45°C). Esperando a que se enfríe...
2025-02-18 19:28:30,994 - INFO - La herramienta está caliente (> 45°C). Esperando a que se enfríe...
2025-02-18 19:28:41,014 - INFO - La herramienta está caliente (> 45°C). Esperando a que se enfríe...
2025-02-18 19:28:51,037 - INFO - La herramienta está caliente (> 45°C). Esperando a que se enfríe...
2025-02-18 19:29:01,050 - INFO - La herramienta está caliente (> 45°C). Esperando a que se enfríe...
2025-02-18 19:29:11,065 - INFO - La herramienta está caliente (> 45°C). Esperando a que se enfríe...
2025-02-18 19:29:21,085 - INFO - La herramienta está caliente (> 45°C). Esperando a que se enfríe...
2025-02-18 19:29:31,111 - INFO - La herramienta está caliente (> 45°C). Esperando a que se enfríe...
2025-02-18 19:29:41,131 - INFO - La herramienta está caliente (> 45°C). Esperando a que se enfríe...
2025-02-18 19:29:51,145 - INFO - La herramienta está caliente (> 45°C). Esperando a que se enfríe...
2025-02-18 19:30:01,157 - INFO - La herramienta está caliente (> 45°C). Esperando a que se enfríe...
2025-02-18 19:30:11,174 - INFO - La herramienta está caliente (> 45°C). Esperando a que se enfríe...
2025-02-18 19:30:21,191 - INFO - La herramienta está caliente (> 45°C). Esperando a que se enfríe...
2025-02-18 19:30:31,209 - INFO - La herramienta está caliente (> 45°C). Esperando a que se enfríe...
2025-02-18 19:30:41,223 - INFO - La herramienta está caliente (> 45°C). Esperando a que se enfríe...
2025-02-18 19:30:51,247 - INFO - La herramienta está caliente (> 45°C). Esperando a que se enfríe...
2025-02-18 19:31:01,268 - INFO - La herramienta está caliente (> 45°C). Esperando a que se enfríe...
2025-02-18 19:31:11,291 - INFO - La herramienta está caliente (> 45°C). Esperando a que se enfríe...
2025-02-18 19:31:21,307 - INFO - La herramienta está caliente (> 45°C). Esperando a que se enfríe...
2025-02-18 19:31:31,322 - INFO - La herramienta está caliente (> 45°C). Esperando a que se enfríe...
2025-02-18 19:31:41,334 - INFO - La herramienta está caliente (> 45°C). Esperando a que se enfríe...
2025-02-18 19:31:51,355 - INFO - La herramienta está caliente (> 45°C). Esperando a que se enfríe...
2025-02-18 19:32:01,367 - INFO - La herramienta está caliente (> 45°C). Esperando a que se enfríe...
2025-02-18 19:32:11,380 - INFO - La herramienta está caliente (> 45°C). Esperando a que se enfríe...
2025-02-18 19:32:21,395 - INFO - La herramienta está caliente (> 45°C). Esperando a que se enfríe...
2025-02-18 19:32:31,409 - INFO - La herramienta está caliente (> 45°C). Esperando a que se enfríe...
2025-02-18 19:32:41,424 - INFO - La herramienta está caliente (> 45°C). Esperando a que se enfríe...
2025-02-18 19:32:51,440 - INFO - La herramienta está caliente (> 45°C). Esperando a que se enfríe...
2025-02-18 19:33:01,460 - INFO - La herramienta está caliente (> 45°C). Esperando a que se enfríe...
2025-02-18 19:33:11,485 - INFO - Procediendo al apagado.
2025-02-18 19:33:11,661 - INFO - Impresora apagada.
2025-02-18 19:33:11,661 - INFO - La impresora se apagó exitosamente.
2025-02-18 19:33:11,680 - INFO - Procediendo al apagado.
2025-02-18 19:33:11,703 - INFO - Impresora apagada.
2025-02-18 19:33:11,704 - INFO - La impresora se apagó exitosamente.
2025-02-18 19:33:11,730 - INFO - Procediendo al apagado.
2025-02-18 19:33:11,755 - INFO - Impresora apagada.
2025-02-18 19:33:11,755 - INFO - La impresora se apagó exitosamente.
2025-02-18 19:43:51,128 - INFO - Impresora encendida.
2025-02-18 19:43:52,154 - INFO - Impresora encendida.
2025-02-18 19:43:53,182 - INFO - Impresora encendida.
2025-02-18 19:57:41,950 - INFO - La impresora esta ocupada. Cancelando apagado.
2025-02-18 19:57:42,975 - INFO - La herramienta está caliente (> 45°C). Esperando a que se enfríe...
2025-02-18 19:57:52,997 - INFO - La herramienta está caliente (> 45°C). Esperando a que se enfríe...
2025-02-18 19:58:03,012 - INFO - La herramienta está caliente (> 45°C). Esperando a que se enfríe...
2025-02-18 19:58:13,031 - INFO - La herramienta está caliente (> 45°C). Esperando a que se enfríe...
2025-02-18 19:58:23,056 - INFO - La herramienta está caliente (> 45°C). Esperando a que se enfríe...
2025-02-18 19:58:33,072 - INFO - La herramienta está caliente (> 45°C). Esperando a que se enfríe...
2025-02-18 19:58:43,085 - INFO - La herramienta está caliente (> 45°C). Esperando a que se enfríe...
2025-02-18 19:58:53,100 - INFO - La herramienta está caliente (> 45°C). Esperando a que se enfríe...
2025-02-18 19:59:03,114 - INFO - La herramienta está caliente (> 45°C). Esperando a que se enfríe...
2025-02-18 19:59:13,131 - INFO - La herramienta está caliente (> 45°C). Esperando a que se enfríe...
2025-02-18 19:59:23,147 - INFO - La herramienta está caliente (> 45°C). Esperando a que se enfríe...
2025-02-18 19:59:33,159 - INFO - La herramienta está caliente (> 45°C). Esperando a que se enfríe...
2025-02-18 19:59:43,179 - INFO - La herramienta está caliente (> 45°C). Esperando a que se enfríe...
2025-02-18 19:59:53,195 - INFO - La herramienta está caliente (> 45°C). Esperando a que se enfríe...
2025-02-18 20:00:03,214 - INFO - La herramienta está caliente (> 45°C). Esperando a que se enfríe...
2025-02-18 20:00:13,238 - INFO - La herramienta está caliente (> 45°C). Esperando a que se enfríe...
2025-02-18 20:00:23,278 - INFO - La herramienta está caliente (> 45°C). Esperando a que se enfríe...
2025-02-18 20:00:33,317 - INFO - La herramienta está caliente (> 45°C). Esperando a que se enfríe...
2025-02-18 20:00:43,341 - INFO - La herramienta está caliente (> 45°C). Esperando a que se enfríe...
2025-02-18 20:00:53,376 - INFO - La herramienta está caliente (> 45°C). Esperando a que se enfríe...
2025-02-18 20:01:03,389 - INFO - La impresora esta ocupada. Cancelando apagado.
2025-02-18 20:01:03,405 - INFO - La impresora esta ocupada. Cancelando apagado.
2025-02-18 20:07:22,374 - INFO - La impresora esta ocupada. Cancelando apagado.
2025-02-18 20:07:23,398 - INFO - La herramienta está caliente (> 45°C). Esperando a que se enfríe...
2025-02-18 20:07:33,414 - INFO - La herramienta está caliente (> 45°C). Esperando a que se enfríe...
2025-02-18 20:07:43,427 - INFO - La herramienta está caliente (> 45°C). Esperando a que se enfríe...
2025-02-18 20:07:53,447 - INFO - La herramienta está caliente (> 45°C). Esperando a que se enfríe...
2025-02-18 20:08:03,467 - INFO - La herramienta está caliente (> 45°C). Esperando a que se enfríe...
2025-02-18 20:08:13,484 - INFO - La herramienta está caliente (> 45°C). Esperando a que se enfríe...
2025-02-18 20:08:23,497 - INFO - La herramienta está caliente (> 45°C). Esperando a que se enfríe...
2025-02-18 20:08:33,516 - INFO - La herramienta está caliente (> 45°C). Esperando a que se enfríe...
2025-02-18 20:08:43,533 - INFO - La herramienta está caliente (> 45°C). Esperando a que se enfríe...
2025-02-18 20:08:53,556 - INFO - La herramienta está caliente (> 45°C). Esperando a que se enfríe...
2025-02-18 20:09:03,569 - INFO - La herramienta está caliente (> 45°C). Esperando a que se enfríe...
2025-02-18 20:09:13,591 - INFO - La herramienta está caliente (> 45°C). Esperando a que se enfríe...
2025-02-18 20:09:23,604 - INFO - La herramienta está caliente (> 45°C). Esperando a que se enfríe...
2025-02-18 20:09:33,620 - INFO - La herramienta está caliente (> 45°C). Esperando a que se enfríe...
2025-02-18 20:09:43,643 - INFO - La herramienta está caliente (> 45°C). Esperando a que se enfríe...
2025-02-18 20:09:53,658 - INFO - La herramienta está caliente (> 45°C). Esperando a que se enfríe...
2025-02-18 20:10:03,672 - INFO - La herramienta está caliente (> 45°C). Esperando a que se enfríe...
2025-02-18 20:10:13,690 - INFO - La herramienta está caliente (> 45°C). Esperando a que se enfríe...
2025-02-18 20:10:23,710 - INFO - La herramienta está caliente (> 45°C). Esperando a que se enfríe...
2025-02-18 20:10:33,728 - INFO - La herramienta está caliente (> 45°C). Esperando a que se enfríe...
2025-02-18 20:10:43,742 - INFO - La herramienta está caliente (> 45°C). Esperando a que se enfríe...
2025-02-18 20:10:53,754 - INFO - La herramienta está caliente (> 45°C). Esperando a que se enfríe...
2025-02-18 20:11:03,766 - INFO - La herramienta está caliente (> 45°C). Esperando a que se enfríe...
2025-02-18 20:11:13,781 - INFO - La herramienta está caliente (> 45°C). Esperando a que se enfríe...
2025-02-18 20:11:23,793 - INFO - La herramienta está caliente (> 45°C). Esperando a que se enfríe...
2025-02-18 20:11:33,808 - INFO - La herramienta está caliente (> 45°C). Esperando a que se enfríe...
2025-02-18 20:11:43,820 - INFO - La herramienta está caliente (> 45°C). Esperando a que se enfríe...
2025-02-18 20:11:53,842 - INFO - La herramienta está caliente (> 45°C). Esperando a que se enfríe...
2025-02-18 20:12:03,857 - INFO - La impresora esta ocupada. Cancelando apagado.
2025-02-18 20:12:03,882 - INFO - La impresora esta ocupada. Cancelando apagado.
2025-02-18 20:25:52,291 - INFO - La impresora esta ocupada. Cancelando apagado.
2025-02-18 20:25:53,314 - INFO - La herramienta está caliente (> 45°C). Esperando a que se enfríe...
2025-02-18 20:26:03,328 - INFO - La herramienta está caliente (> 45°C). Esperando a que se enfríe...
2025-02-18 20:26:13,343 - INFO - La herramienta está caliente (> 45°C). Esperando a que se enfríe...
2025-02-18 20:26:23,357 - INFO - La herramienta está caliente (> 45°C). Esperando a que se enfríe...
2025-02-18 20:26:33,371 - INFO - La herramienta está caliente (> 45°C). Esperando a que se enfríe...
2025-02-18 20:26:43,386 - INFO - La herramienta está caliente (> 45°C). Esperando a que se enfríe...
2025-02-18 20:26:53,400 - INFO - La herramienta está caliente (> 45°C). Esperando a que se enfríe...
2025-02-18 20:27:03,415 - INFO - La herramienta está caliente (> 45°C). Esperando a que se enfríe...
2025-02-18 20:27:13,432 - INFO - La herramienta está caliente (> 45°C). Esperando a que se enfríe...
2025-02-18 20:27:23,452 - INFO - La herramienta está caliente (> 45°C). Esperando a que se enfríe...
2025-02-18 20:27:33,465 - INFO - La herramienta está caliente (> 45°C). Esperando a que se enfríe...
2025-02-18 20:27:43,481 - INFO - La herramienta está caliente (> 45°C). Esperando a que se enfríe...
2025-02-18 20:27:53,497 - INFO - La herramienta está caliente (> 45°C). Esperando a que se enfríe...
2025-02-18 20:28:03,525 - INFO - La herramienta está caliente (> 45°C). Esperando a que se enfríe...
2025-02-18 20:28:13,538 - INFO - La herramienta está caliente (> 45°C). Esperando a que se enfríe...
2025-02-18 20:28:23,555 - INFO - La herramienta está caliente (> 45°C). Esperando a que se enfríe...
2025-02-18 20:28:33,569 - INFO - La herramienta está caliente (> 45°C). Esperando a que se enfríe...
2025-02-18 20:28:43,581 - INFO - La herramienta está caliente (> 45°C). Esperando a que se enfríe...
2025-02-18 20:28:53,597 - INFO - La herramienta está caliente (> 45°C). Esperando a que se enfríe...
2025-02-18 20:29:03,613 - INFO - La herramienta está caliente (> 45°C). Esperando a que se enfríe...
2025-02-18 20:29:13,634 - INFO - La herramienta está caliente (> 45°C). Esperando a que se enfríe...
2025-02-18 20:29:23,664 - INFO - La herramienta está caliente (> 45°C). Esperando a que se enfríe...
2025-02-18 20:29:33,689 - INFO - La herramienta está caliente (> 45°C). Esperando a que se enfríe...
2025-02-18 20:29:43,706 - INFO - La herramienta está caliente (> 45°C). Esperando a que se enfríe...
2025-02-18 20:29:53,719 - INFO - La herramienta está caliente (> 45°C). Esperando a que se enfríe...
2025-02-18 20:30:03,732 - INFO - La herramienta está caliente (> 45°C). Esperando a que se enfríe...
2025-02-18 20:30:13,746 - INFO - La herramienta está caliente (> 45°C). Esperando a que se enfríe...
2025-02-18 20:30:23,761 - INFO - La herramienta está caliente (> 45°C). Esperando a que se enfríe...
2025-02-18 20:30:33,773 - INFO - La herramienta está caliente (> 45°C). Esperando a que se enfríe...
2025-02-18 20:30:43,786 - INFO - La herramienta está caliente (> 45°C). Esperando a que se enfríe...
2025-02-18 20:30:53,802 - INFO - La herramienta está caliente (> 45°C). Esperando a que se enfríe...
2025-02-18 20:31:03,815 - INFO - La herramienta está caliente (> 45°C). Esperando a que se enfríe...
2025-02-18 20:31:13,828 - INFO - La herramienta está caliente (> 45°C). Esperando a que se enfríe...
2025-02-18 20:31:23,841 - INFO - La herramienta está caliente (> 45°C). Esperando a que se enfríe...
2025-02-18 20:31:33,857 - INFO - La herramienta está caliente (> 45°C). Esperando a que se enfríe...
2025-02-18 20:31:43,880 - INFO - La herramienta está caliente (> 45°C). Esperando a que se enfríe...
2025-02-18 20:31:53,896 - INFO - La herramienta está caliente (> 45°C). Esperando a que se enfríe...
2025-02-18 20:32:03,909 - INFO - La herramienta está caliente (> 45°C). Esperando a que se enfríe...
2025-02-18 20:32:13,921 - INFO - La herramienta está caliente (> 45°C). Esperando a que se enfríe...
2025-02-18 20:32:23,937 - INFO - La herramienta está caliente (> 45°C). Esperando a que se enfríe...
2025-02-18 20:32:33,955 - INFO - La herramienta está caliente (> 45°C). Esperando a que se enfríe...
2025-02-18 20:32:43,970 - INFO - La herramienta está caliente (> 45°C). Esperando a que se enfríe...
2025-02-18 20:32:53,983 - INFO - La herramienta está caliente (> 45°C). Esperando a que se enfríe...
2025-02-18 20:33:03,990 - INFO - La impresora esta ocupada. Cancelando apagado.
2025-02-18 20:33:03,996 - INFO - La impresora esta ocupada. Cancelando apagado.
2025-02-18 20:35:12,653 - INFO - La herramienta está caliente (> 45°C). Esperando a que se enfríe...
2025-02-18 20:35:22,669 - INFO - La herramienta está caliente (> 45°C). Esperando a que se enfríe...
2025-02-18 20:35:32,683 - INFO - La herramienta está caliente (> 45°C). Esperando a que se enfríe...
2025-02-18 20:35:42,702 - INFO - La impresora esta ocupada. Cancelando apagado.
2025-02-18 20:35:42,710 - INFO - La impresora esta ocupada. Cancelando apagado.
2025-02-18 20:35:43,736 - INFO - La herramienta está caliente (> 45°C). Esperando a que se enfríe...
2025-02-18 20:35:53,762 - INFO - La herramienta está caliente (> 45°C). Esperando a que se enfríe...
2025-02-18 20:36:03,784 - INFO - La herramienta está caliente (> 45°C). Esperando a que se enfríe...
2025-02-18 20:36:13,801 - INFO - La herramienta está caliente (> 45°C). Esperando a que se enfríe...
2025-02-18 20:36:23,818 - INFO - La herramienta está caliente (> 45°C). Esperando a que se enfríe...
2025-02-18 20:36:33,845 - INFO - La herramienta está caliente (> 45°C). Esperando a que se enfríe...
2025-02-18 20:36:43,869 - INFO - La herramienta está caliente (> 45°C). Esperando a que se enfríe...
2025-02-18 20:36:53,887 - INFO - La herramienta está caliente (> 45°C). Esperando a que se enfríe...
2025-02-18 20:37:03,902 - INFO - La herramienta está caliente (> 45°C). Esperando a que se enfríe...
2025-02-18 20:37:13,920 - INFO - La herramienta está caliente (> 45°C). Esperando a que se enfríe...
2025-02-18 20:37:23,940 - INFO - La herramienta está caliente (> 45°C). Esperando a que se enfríe...
2025-02-18 20:37:33,958 - INFO - La herramienta está caliente (> 45°C). Esperando a que se enfríe...
2025-02-18 20:37:43,970 - INFO - La herramienta está caliente (> 45°C). Esperando a que se enfríe...
2025-02-18 20:37:53,979 - INFO - La impresora esta ocupada. Cancelando apagado.
2025-02-18 20:41:30,798 - INFO - La impresora esta ocupada. Cancelando apagado.
2025-02-18 20:41:31,821 - INFO - La herramienta está caliente (> 45°C). Esperando a que se enfríe...
2025-02-18 20:41:41,836 - INFO - La herramienta está caliente (> 45°C). Esperando a que se enfríe...
2025-02-18 20:41:51,854 - INFO - La herramienta está caliente (> 45°C). Esperando a que se enfríe...
2025-02-18 20:42:01,871 - INFO - La herramienta está caliente (> 45°C). Esperando a que se enfríe...
2025-02-18 20:42:11,883 - INFO - La herramienta está caliente (> 45°C). Esperando a que se enfríe...
2025-02-18 20:42:21,896 - INFO - La herramienta está caliente (> 45°C). Esperando a que se enfríe...
2025-02-18 20:42:31,909 - INFO - La herramienta está caliente (> 45°C). Esperando a que se enfríe...
2025-02-18 20:42:41,925 - INFO - La herramienta está caliente (> 45°C). Esperando a que se enfríe...
2025-02-18 20:42:51,941 - INFO - La herramienta está caliente (> 45°C). Esperando a que se enfríe...
2025-02-18 20:43:01,954 - INFO - La herramienta está caliente (> 45°C). Esperando a que se enfríe...
2025-02-18 20:43:11,968 - INFO - La herramienta está caliente (> 45°C). Esperando a que se enfríe...
2025-02-18 20:43:21,984 - INFO - La herramienta está caliente (> 45°C). Esperando a que se enfríe...
2025-02-18 20:43:31,998 - INFO - La herramienta está caliente (> 45°C). Esperando a que se enfríe...
2025-02-18 20:43:42,011 - INFO - La herramienta está caliente (> 45°C). Esperando a que se enfríe...
2025-02-18 20:43:52,026 - INFO - La herramienta está caliente (> 45°C). Esperando a que se enfríe...
2025-02-18 20:44:02,042 - INFO - La herramienta está caliente (> 45°C). Esperando a que se enfríe...
2025-02-18 20:44:12,064 - INFO - La herramienta está caliente (> 45°C). Esperando a que se enfríe...
2025-02-18 20:44:22,077 - INFO - La herramienta está caliente (> 45°C). Esperando a que se enfríe...
2025-02-18 20:44:32,090 - INFO - La herramienta está caliente (> 45°C). Esperando a que se enfríe...
2025-02-18 20:44:42,103 - INFO - La herramienta está caliente (> 45°C). Esperando a que se enfríe...
2025-02-18 20:44:52,120 - INFO - La herramienta está caliente (> 45°C). Esperando a que se enfríe...
2025-02-18 20:45:02,132 - INFO - La herramienta está caliente (> 45°C). Esperando a que se enfríe...
2025-02-18 20:45:12,149 - INFO - La herramienta está caliente (> 45°C). Esperando a que se enfríe...
2025-02-18 20:45:22,164 - INFO - La herramienta está caliente (> 45°C). Esperando a que se enfríe...
2025-02-18 20:45:32,177 - INFO - La herramienta está caliente (> 45°C). Esperando a que se enfríe...
2025-02-18 20:45:42,192 - INFO - La herramienta está caliente (> 45°C). Esperando a que se enfríe...
2025-02-18 20:45:52,221 - INFO - La herramienta está caliente (> 45°C). Esperando a que se enfríe...
2025-02-18 20:46:02,234 - INFO - La herramienta está caliente (> 45°C). Esperando a que se enfríe...
2025-02-18 20:46:12,246 - INFO - La herramienta está caliente (> 45°C). Esperando a que se enfríe...
2025-02-18 20:46:22,262 - INFO - La herramienta está caliente (> 45°C). Esperando a que se enfríe...
2025-02-18 20:46:32,282 - INFO - La herramienta está caliente (> 45°C). Esperando a que se enfríe...
2025-02-18 20:46:42,313 - INFO - La herramienta está caliente (> 45°C). Esperando a que se enfríe...
2025-02-18 20:46:52,337 - INFO - La herramienta está caliente (> 45°C). Esperando a que se enfríe...
2025-02-18 20:47:02,357 - INFO - La herramienta está caliente (> 45°C). Esperando a que se enfríe...
2025-02-18 20:47:12,379 - INFO - La herramienta está caliente (> 45°C). Esperando a que se enfríe...
2025-02-18 20:47:22,392 - INFO - La herramienta está caliente (> 45°C). Esperando a que se enfríe...
2025-02-18 20:47:32,405 - INFO - La herramienta está caliente (> 45°C). Esperando a que se enfríe...
2025-02-18 20:47:42,418 - INFO - La herramienta está caliente (> 45°C). Esperando a que se enfríe...
2025-02-18 20:47:52,433 - INFO - La herramienta está caliente (> 45°C). Esperando a que se enfríe...
2025-02-18 20:48:02,451 - INFO - La herramienta está caliente (> 45°C). Esperando a que se enfríe...
2025-02-18 20:48:12,477 - INFO - La herramienta está caliente (> 45°C). Esperando a que se enfríe...
2025-02-18 20:48:22,498 - INFO - La herramienta está caliente (> 45°C). Esperando a que se enfríe...
2025-02-18 20:48:32,518 - INFO - La herramienta está caliente (> 45°C). Esperando a que se enfríe...
2025-02-18 20:48:42,532 - INFO - La herramienta está caliente (> 45°C). Esperando a que se enfríe...
2025-02-18 20:48:52,557 - INFO - La herramienta está caliente (> 45°C). Esperando a que se enfríe...
2025-02-18 20:49:02,573 - INFO - La herramienta está caliente (> 45°C). Esperando a que se enfríe...
2025-02-18 20:49:12,590 - INFO - La herramienta está caliente (> 45°C). Esperando a que se enfríe...
2025-02-18 20:49:22,605 - INFO - La herramienta está caliente (> 45°C). Esperando a que se enfríe...
2025-02-18 20:49:32,620 - INFO - La herramienta está caliente (> 45°C). Esperando a que se enfríe...
2025-02-18 20:49:42,633 - INFO - La herramienta está caliente (> 45°C). Esperando a que se enfríe...
2025-02-18 20:49:52,652 - INFO - Procediendo al apagado.
2025-02-18 20:49:52,848 - INFO - Impresora apagada.
2025-02-18 20:49:52,848 - INFO - La impresora se apagó exitosamente.
2025-02-18 20:49:52,862 - INFO - Procediendo al apagado.
2025-02-18 20:49:52,879 - INFO - Impresora apagada.
2025-02-18 20:49:52,879 - INFO - La impresora se apagó exitosamente.
2025-02-18 20:54:06,751 - INFO - Impresora encendida.
2025-02-18 20:54:07,775 - INFO - Impresora encendida.
2025-02-18 20:54:08,805 - INFO - Impresora encendida.
2025-02-18 21:32:34,846 - INFO - Procediendo al apagado.
2025-02-18 21:32:34,954 - INFO - Impresora apagada.
2025-02-18 21:32:34,955 - INFO - La impresora se apagó exitosamente.
2025-02-18 21:32:35,977 - INFO - Procediendo al apagado.
2025-02-18 21:32:35,997 - INFO - Impresora apagada.
2025-02-18 21:32:35,997 - INFO - La impresora se apagó exitosamente.
2025-02-18 21:32:37,026 - INFO - Procediendo al apagado.
2025-02-18 21:32:37,046 - INFO - Impresora apagada.
2025-02-18 21:32:37,047 - INFO - La impresora se apagó exitosamente.
2025-02-18 22:55:00,803 - WARNING - Esperando conexión a la red WiFi...
2025-02-18 22:55:05,807 - WARNING - Esperando conexión a la red WiFi...
2025-02-18 22:55:10,810 - WARNING - Esperando conexión a la red WiFi...
2025-02-18 22:55:15,811 - WARNING - Esperando conexión a la red WiFi...
2025-02-18 22:55:20,812 - WARNING - Esperando conexión a la red WiFi...
2025-02-18 22:55:25,812 - WARNING - Esperando conexión a la red WiFi...
2025-02-18 22:55:30,813 - WARNING - Esperando conexión a la red WiFi...
2025-02-18 22:55:35,814 - WARNING - Esperando conexión a la red WiFi...
2025-02-18 22:55:40,815 - WARNING - Esperando conexión a la red WiFi...
2025-02-18 22:55:45,816 - WARNING - Esperando conexión a la red WiFi...
2025-02-18 22:55:50,817 - WARNING - Esperando conexión a la red WiFi...
2025-02-18 22:55:55,818 - WARNING - Esperando conexión a la red WiFi...
2025-02-18 22:56:00,837 - INFO - Conectado a la red WiFi.
2025-02-18 22:56:00,908 - INFO - Conexión con TAPO P115 exitosa.
2025-02-19 13:21:20,560 - INFO - Impresora encendida.
2025-02-19 13:21:21,584 - INFO - Impresora encendida.
2025-02-19 13:21:22,642 - INFO - Impresora encendida.
2025-02-19 15:32:47,504 - INFO - Conectado a la red WiFi.
2025-02-19 15:32:47,651 - INFO - Conexión con TAPO P115 exitosa.
2025-02-19 17:41:29,214 - INFO - Procediendo al apagado.
2025-02-19 17:41:30,224 - INFO - Impresora apagada.
2025-02-19 17:41:30,225 - INFO - La impresora se apagó exitosamente.
2025-02-19 17:41:31,253 - INFO - Procediendo al apagado.
2025-02-19 17:41:31,273 - INFO - Impresora apagada.
2025-02-19 17:41:31,273 - INFO - La impresora se apagó exitosamente.
2025-02-19 17:41:32,300 - INFO - Procediendo al apagado.
2025-02-19 17:41:32,318 - INFO - Impresora apagada.
2025-02-19 17:41:32,318 - INFO - La impresora se apagó exitosamente.
2025-02-19 18:37:16,080 - INFO - Impresora encendida.
2025-02-19 18:37:17,104 - INFO - Impresora encendida.
2025-02-19 18:37:18,127 - INFO - Impresora encendida.
2025-02-19 19:06:49,096 - INFO - La herramienta está caliente (> 45°C). Esperando a que se enfríe...
2025-02-19 19:06:59,121 - INFO - La herramienta está caliente (> 45°C). Esperando a que se enfríe...
2025-02-19 19:07:09,149 - INFO - La herramienta está caliente (> 45°C). Esperando a que se enfríe...
2025-02-19 19:07:19,167 - INFO - La herramienta está caliente (> 45°C). Esperando a que se enfríe...
2025-02-19 19:07:29,186 - INFO - La herramienta está caliente (> 45°C). Esperando a que se enfríe...
2025-02-19 19:07:39,212 - INFO - La herramienta está caliente (> 45°C). Esperando a que se enfríe...
2025-02-19 19:07:49,242 - INFO - La herramienta está caliente (> 45°C). Esperando a que se enfríe...
2025-02-19 19:07:59,259 - INFO - La herramienta está caliente (> 45°C). Esperando a que se enfríe...
2025-02-19 19:08:09,292 - INFO - La herramienta está caliente (> 45°C). Esperando a que se enfríe...
2025-02-19 19:08:19,316 - INFO - La herramienta está caliente (> 45°C). Esperando a que se enfríe...
2025-02-19 19:08:29,328 - INFO - La herramienta está caliente (> 45°C). Esperando a que se enfríe...
2025-02-19 19:08:39,344 - INFO - La herramienta está caliente (> 45°C). Esperando a que se enfríe...
2025-02-19 19:08:49,358 - INFO - La herramienta está caliente (> 45°C). Esperando a que se enfríe...
2025-02-19 19:08:59,380 - INFO - La herramienta está caliente (> 45°C). Esperando a que se enfríe...
2025-02-19 19:09:09,397 - INFO - La herramienta está caliente (> 45°C). Esperando a que se enfríe...
2025-02-19 19:09:19,412 - INFO - La herramienta está caliente (> 45°C). Esperando a que se enfríe...
2025-02-19 19:09:29,436 - INFO - La herramienta está caliente (> 45°C). Esperando a que se enfríe...
2025-02-19 19:09:39,456 - INFO - La herramienta está caliente (> 45°C). Esperando a que se enfríe...
2025-02-19 19:09:49,471 - INFO - La herramienta está caliente (> 45°C). Esperando a que se enfríe...
2025-02-19 19:09:59,493 - INFO - La herramienta está caliente (> 45°C). Esperando a que se enfríe...
2025-02-19 19:10:09,519 - INFO - La herramienta está caliente (> 45°C). Esperando a que se enfríe...
2025-02-19 19:10:19,541 - INFO - La herramienta está caliente (> 45°C). Esperando a que se enfríe...
2025-02-19 19:10:29,558 - INFO - La herramienta está caliente (> 45°C). Esperando a que se enfríe...
2025-02-19 19:10:39,577 - INFO - La herramienta está caliente (> 45°C). Esperando a que se enfríe...
2025-02-19 19:10:49,594 - INFO - La herramienta está caliente (> 45°C). Esperando a que se enfríe...
2025-02-19 19:10:59,613 - INFO - La herramienta está caliente (> 45°C). Esperando a que se enfríe...
2025-02-19 19:11:09,629 - INFO - La herramienta está caliente (> 45°C). Esperando a que se enfríe...
2025-02-19 19:11:19,648 - INFO - La herramienta está caliente (> 45°C). Esperando a que se enfríe...
2025-02-19 19:11:29,669 - INFO - La herramienta está caliente (> 45°C). Esperando a que se enfríe...
2025-02-19 19:11:39,684 - INFO - La impresora esta ocupada. Cancelando apagado.
2025-02-19 19:11:39,701 - INFO - La impresora esta ocupada. Cancelando apagado.
2025-02-19 19:11:39,714 - INFO - La impresora esta ocupada. Cancelando apagado.
2025-02-19 19:56:56,576 - INFO - La impresora esta ocupada. Cancelando apagado.
2025-02-19 19:56:57,602 - INFO - La herramienta está caliente (> 45°C). Esperando a que se enfríe...
2025-02-19 19:57:07,616 - INFO - La herramienta está caliente (> 45°C). Esperando a que se enfríe...
2025-02-19 19:57:17,636 - INFO - La herramienta está caliente (> 45°C). Esperando a que se enfríe...
2025-02-19 19:57:27,656 - INFO - La herramienta está caliente (> 45°C). Esperando a que se enfríe...
2025-02-19 19:57:37,675 - INFO - La herramienta está caliente (> 45°C). Esperando a que se enfríe...
2025-02-19 19:57:47,699 - INFO - La herramienta está caliente (> 45°C). Esperando a que se enfríe...
2025-02-19 19:57:57,714 - INFO - La herramienta está caliente (> 45°C). Esperando a que se enfríe...
2025-02-19 19:58:07,734 - INFO - La herramienta está caliente (> 45°C). Esperando a que se enfríe...
2025-02-19 19:58:17,758 - INFO - La herramienta está caliente (> 45°C). Esperando a que se enfríe...
2025-02-19 19:58:27,774 - INFO - La herramienta está caliente (> 45°C). Esperando a que se enfríe...
2025-02-19 19:58:37,793 - INFO - La herramienta está caliente (> 45°C). Esperando a que se enfríe...
2025-02-19 19:58:47,811 - INFO - La herramienta está caliente (> 45°C). Esperando a que se enfríe...
2025-02-19 19:58:57,837 - INFO - La herramienta está caliente (> 45°C). Esperando a que se enfríe...
2025-02-19 19:59:07,851 - INFO - La herramienta está caliente (> 45°C). Esperando a que se enfríe...
2025-02-19 19:59:17,872 - INFO - La herramienta está caliente (> 45°C). Esperando a que se enfríe...
2025-02-19 19:59:27,886 - INFO - La herramienta está caliente (> 45°C). Esperando a que se enfríe...
2025-02-19 19:59:37,915 - INFO - La herramienta está caliente (> 45°C). Esperando a que se enfríe...
2025-02-19 19:59:47,944 - INFO - La herramienta está caliente (> 45°C). Esperando a que se enfríe...
2025-02-19 19:59:57,959 - INFO - La herramienta está caliente (> 45°C). Esperando a que se enfríe...
2025-02-19 20:00:07,993 - INFO - La herramienta está caliente (> 45°C). Esperando a que se enfríe...
2025-02-19 20:00:18,015 - INFO - La herramienta está caliente (> 45°C). Esperando a que se enfríe...
2025-02-19 20:00:28,031 - INFO - La herramienta está caliente (> 45°C). Esperando a que se enfríe...
2025-02-19 20:00:38,062 - INFO - La herramienta está caliente (> 45°C). Esperando a que se enfríe...
2025-02-19 20:00:48,091 - INFO - La herramienta está caliente (> 45°C). Esperando a que se enfríe...
2025-02-19 20:00:58,115 - INFO - La herramienta está caliente (> 45°C). Esperando a que se enfríe...
2025-02-19 20:01:08,144 - INFO - La herramienta está caliente (> 45°C). Esperando a que se enfríe...
2025-02-19 20:01:18,188 - INFO - La herramienta está caliente (> 45°C). Esperando a que se enfríe...
2025-02-19 20:01:28,230 - INFO - La herramienta está caliente (> 45°C). Esperando a que se enfríe...
2025-02-19 20:01:38,252 - INFO - La herramienta está caliente (> 45°C). Esperando a que se enfríe...
2025-02-19 20:01:48,286 - INFO - La herramienta está caliente (> 45°C). Esperando a que se enfríe...
2025-02-19 20:01:58,328 - INFO - La herramienta está caliente (> 45°C). Esperando a que se enfríe...
2025-02-19 20:02:08,358 - INFO - La herramienta está caliente (> 45°C). Esperando a que se enfríe...
2025-02-19 20:02:18,378 - INFO - La herramienta está caliente (> 45°C). Esperando a que se enfríe...
2025-02-19 20:02:28,408 - INFO - La herramienta está caliente (> 45°C). Esperando a que se enfríe...
2025-02-19 20:02:38,433 - INFO - La herramienta está caliente (> 45°C). Esperando a que se enfríe...
2025-02-19 20:02:48,461 - INFO - La herramienta está caliente (> 45°C). Esperando a que se enfríe...
2025-02-19 20:02:58,479 - INFO - La herramienta está caliente (> 45°C). Esperando a que se enfríe...
2025-02-19 20:03:08,495 - INFO - La herramienta está caliente (> 45°C). Esperando a que se enfríe...
2025-02-19 20:03:18,510 - INFO - La herramienta está caliente (> 45°C). Esperando a que se enfríe...
2025-02-19 20:03:28,529 - INFO - La herramienta está caliente (> 45°C). Esperando a que se enfríe...
2025-02-19 20:03:38,565 - INFO - La herramienta está caliente (> 45°C). Esperando a que se enfríe...
2025-02-19 20:03:48,579 - INFO - La herramienta está caliente (> 45°C). Esperando a que se enfríe...
2025-02-19 20:03:58,597 - INFO - La herramienta está caliente (> 45°C). Esperando a que se enfríe...
2025-02-19 20:04:08,628 - INFO - La herramienta está caliente (> 45°C). Esperando a que se enfríe...
2025-02-19 20:04:18,646 - INFO - La herramienta está caliente (> 45°C). Esperando a que se enfríe...
2025-02-19 20:04:28,660 - INFO - La herramienta está caliente (> 45°C). Esperando a que se enfríe...
2025-02-19 20:04:38,674 - INFO - La herramienta está caliente (> 45°C). Esperando a que se enfríe...
2025-02-19 20:04:48,700 - INFO - La herramienta está caliente (> 45°C). Esperando a que se enfríe...
2025-02-19 20:04:58,739 - INFO - La herramienta está caliente (> 45°C). Esperando a que se enfríe...
2025-02-19 20:05:08,773 - INFO - La herramienta está caliente (> 45°C). Esperando a que se enfríe...
2025-02-19 20:05:18,802 - INFO - Procediendo al apagado.
2025-02-19 20:05:19,051 - INFO - Impresora apagada.
2025-02-19 20:05:19,051 - INFO - La impresora se apagó exitosamente.
2025-02-19 20:05:19,085 - INFO - Procediendo al apagado.
2025-02-19 20:05:19,104 - INFO - Impresora apagada.
2025-02-19 20:05:19,105 - INFO - La impresora se apagó exitosamente.
2025-02-20 00:21:18,460 - WARNING - Esperando conexión a la red WiFi...
2025-02-20 00:21:23,463 - WARNING - Esperando conexión a la red WiFi...
2025-02-20 00:21:28,464 - WARNING - Esperando conexión a la red WiFi...
2025-02-20 00:21:33,465 - WARNING - Esperando conexión a la red WiFi...
2025-02-20 00:21:38,466 - WARNING - Esperando conexión a la red WiFi...
2025-02-20 00:21:43,467 - WARNING - Esperando conexión a la red WiFi...
2025-02-20 00:21:48,467 - WARNING - Esperando conexión a la red WiFi...
2025-02-20 00:21:53,469 - WARNING - Esperando conexión a la red WiFi...
2025-02-20 00:21:58,470 - WARNING - Esperando conexión a la red WiFi...
2025-02-20 00:22:03,471 - WARNING - Esperando conexión a la red WiFi...
2025-02-20 00:22:08,472 - WARNING - Esperando conexión a la red WiFi...
2025-02-20 00:22:13,489 - INFO - Conectado a la red WiFi.
2025-02-20 00:22:13,528 - INFO - Conexión con TAPO P115 exitosa.
2025-02-20 09:06:31,202 - INFO - Impresora encendida.
2025-02-20 09:06:32,234 - INFO - Impresora encendida.
2025-02-20 09:06:33,258 - INFO - Impresora encendida.
2025-02-20 12:56:51,722 - INFO - La herramienta está caliente (> 45°C). Esperando a que se enfríe...
2025-02-20 12:57:01,741 - INFO - La herramienta está caliente (> 45°C). Esperando a que se enfríe...
2025-02-20 12:57:11,763 - INFO - La herramienta está caliente (> 45°C). Esperando a que se enfríe...
2025-02-20 12:57:21,790 - INFO - La herramienta está caliente (> 45°C). Esperando a que se enfríe...
2025-02-20 12:57:31,812 - INFO - La herramienta está caliente (> 45°C). Esperando a que se enfríe...
2025-02-20 12:57:41,832 - INFO - La herramienta está caliente (> 45°C). Esperando a que se enfríe...
2025-02-20 12:57:51,858 - INFO - La herramienta está caliente (> 45°C). Esperando a que se enfríe...
2025-02-20 12:58:01,873 - INFO - La herramienta está caliente (> 45°C). Esperando a que se enfríe...
2025-02-20 12:58:11,889 - INFO - La herramienta está caliente (> 45°C). Esperando a que se enfríe...
2025-02-20 12:58:21,905 - INFO - La herramienta está caliente (> 45°C). Esperando a que se enfríe...
2025-02-20 12:58:31,920 - INFO - La herramienta está caliente (> 45°C). Esperando a que se enfríe...
2025-02-20 12:58:41,932 - INFO - La herramienta está caliente (> 45°C). Esperando a que se enfríe...
2025-02-20 12:58:51,944 - INFO - La herramienta está caliente (> 45°C). Esperando a que se enfríe...
2025-02-20 12:59:01,957 - INFO - La herramienta está caliente (> 45°C). Esperando a que se enfríe...
2025-02-20 12:59:11,970 - INFO - La herramienta está caliente (> 45°C). Esperando a que se enfríe...
2025-02-20 12:59:21,994 - INFO - La herramienta está caliente (> 45°C). Esperando a que se enfríe...
2025-02-20 12:59:32,007 - INFO - La herramienta está caliente (> 45°C). Esperando a que se enfríe...
2025-02-20 12:59:42,020 - INFO - La herramienta está caliente (> 45°C). Esperando a que se enfríe...
2025-02-20 12:59:52,044 - INFO - La herramienta está caliente (> 45°C). Esperando a que se enfríe...
2025-02-20 13:00:02,059 - INFO - La herramienta está caliente (> 45°C). Esperando a que se enfríe...
2025-02-20 13:00:12,077 - INFO - La herramienta está caliente (> 45°C). Esperando a que se enfríe...
2025-02-20 13:00:22,100 - INFO - La herramienta está caliente (> 45°C). Esperando a que se enfríe...
2025-02-20 13:00:32,114 - INFO - La herramienta está caliente (> 45°C). Esperando a que se enfríe...
2025-02-20 13:00:42,128 - INFO - La herramienta está caliente (> 45°C). Esperando a que se enfríe...
2025-02-20 13:00:52,143 - INFO - La herramienta está caliente (> 45°C). Esperando a que se enfríe...
2025-02-20 13:01:02,157 - INFO - La herramienta está caliente (> 45°C). Esperando a que se enfríe...
2025-02-20 13:01:12,174 - INFO - La herramienta está caliente (> 45°C). Esperando a que se enfríe...
2025-02-20 13:01:22,186 - INFO - La herramienta está caliente (> 45°C). Esperando a que se enfríe...
2025-02-20 13:01:32,203 - INFO - La herramienta está caliente (> 45°C). Esperando a que se enfríe...
2025-02-20 13:01:42,229 - INFO - La herramienta está caliente (> 45°C). Esperando a que se enfríe...
2025-02-20 13:01:52,241 - INFO - La herramienta está caliente (> 45°C). Esperando a que se enfríe...
2025-02-20 13:02:02,261 - INFO - La herramienta está caliente (> 45°C). Esperando a que se enfríe...
2025-02-20 13:02:12,277 - INFO - La herramienta está caliente (> 45°C). Esperando a que se enfríe...
2025-02-20 13:02:22,298 - INFO - La herramienta está caliente (> 45°C). Esperando a que se enfríe...
2025-02-20 13:02:32,316 - INFO - La herramienta está caliente (> 45°C). Esperando a que se enfríe...
2025-02-20 13:02:42,331 - INFO - La herramienta está caliente (> 45°C). Esperando a que se enfríe...
2025-02-20 13:02:52,343 - INFO - La herramienta está caliente (> 45°C). Esperando a que se enfríe...
2025-02-20 13:03:02,355 - INFO - La herramienta está caliente (> 45°C). Esperando a que se enfríe...
2025-02-20 13:03:12,370 - INFO - La herramienta está caliente (> 45°C). Esperando a que se enfríe...
2025-02-20 13:03:22,382 - INFO - La herramienta está caliente (> 45°C). Esperando a que se enfríe...
2025-02-20 13:03:32,400 - INFO - La herramienta está caliente (> 45°C). Esperando a que se enfríe...
2025-02-20 13:03:42,416 - INFO - La herramienta está caliente (> 45°C). Esperando a que se enfríe...
2025-02-20 13:03:52,433 - INFO - La herramienta está caliente (> 45°C). Esperando a que se enfríe...
2025-02-20 13:04:02,452 - INFO - La herramienta está caliente (> 45°C). Esperando a que se enfríe...
2025-02-20 13:04:12,465 - INFO - La herramienta está caliente (> 45°C). Esperando a que se enfríe...
2025-02-20 13:04:22,486 - INFO - La herramienta está caliente (> 45°C). Esperando a que se enfríe...
2025-02-20 13:04:32,500 - INFO - La herramienta está caliente (> 45°C). Esperando a que se enfríe...
2025-02-20 13:04:42,521 - INFO - La herramienta está caliente (> 45°C). Esperando a que se enfríe...
2025-02-20 13:04:52,546 - INFO - La herramienta está caliente (> 45°C). Esperando a que se enfríe...
2025-02-20 13:05:02,569 - INFO - Procediendo al apagado.
2025-02-20 13:05:02,696 - INFO - Impresora apagada.
2025-02-20 13:05:02,697 - INFO - La impresora se apagó exitosamente.
2025-02-20 13:05:02,710 - INFO - Procediendo al apagado.
2025-02-20 13:05:02,726 - INFO - Impresora apagada.
2025-02-20 13:05:02,726 - INFO - La impresora se apagó exitosamente.
2025-02-20 13:05:02,742 - INFO - Procediendo al apagado.
2025-02-20 13:05:02,759 - INFO - Impresora apagada.
2025-02-20 13:05:02,759 - INFO - La impresora se apagó exitosamente.
2025-02-20 22:37:15,683 - WARNING - Esperando conexión a la red WiFi...
2025-02-20 22:37:20,684 - WARNING - Esperando conexión a la red WiFi...
2025-02-20 22:37:25,686 - WARNING - Esperando conexión a la red WiFi...
2025-02-20 22:37:30,687 - WARNING - Esperando conexión a la red WiFi...
2025-02-20 22:37:35,688 - WARNING - Esperando conexión a la red WiFi...
2025-02-20 22:37:40,689 - WARNING - Esperando conexión a la red WiFi...
2025-02-20 22:37:45,690 - WARNING - Esperando conexión a la red WiFi...
2025-02-20 22:37:50,691 - WARNING - Esperando conexión a la red WiFi...
2025-02-20 22:37:55,692 - WARNING - Esperando conexión a la red WiFi...
2025-02-20 22:38:00,695 - WARNING - Esperando conexión a la red WiFi...
2025-02-20 22:38:05,696 - WARNING - Esperando conexión a la red WiFi...
2025-02-20 22:38:10,709 - INFO - Conectado a la red WiFi.
2025-02-20 22:38:10,747 - INFO - Conexión con TAPO P115 exitosa.
2025-02-21 09:48:13,117 - INFO - Impresora encendida.
2025-02-21 09:48:14,140 - INFO - Impresora encendida.
2025-02-21 09:48:15,173 - INFO - Impresora encendida.
2025-02-21 09:59:06,828 - INFO - La herramienta está caliente (> 45°C). Esperando a que se enfríe...
2025-02-21 09:59:16,846 - INFO - La herramienta está caliente (> 45°C). Esperando a que se enfríe...
2025-02-21 09:59:26,865 - INFO - La herramienta está caliente (> 45°C). Esperando a que se enfríe...
2025-02-21 09:59:36,897 - INFO - La herramienta está caliente (> 45°C). Esperando a que se enfríe...
2025-02-21 09:59:46,913 - INFO - La herramienta está caliente (> 45°C). Esperando a que se enfríe...
2025-02-21 09:59:56,925 - INFO - La herramienta está caliente (> 45°C). Esperando a que se enfríe...
2025-02-21 10:00:06,941 - INFO - La herramienta está caliente (> 45°C). Esperando a que se enfríe...
2025-02-21 10:00:16,959 - INFO - La herramienta está caliente (> 45°C). Esperando a que se enfríe...
2025-02-21 10:00:26,975 - INFO - La herramienta está caliente (> 45°C). Esperando a que se enfríe...
2025-02-21 10:00:36,990 - INFO - La herramienta está caliente (> 45°C). Esperando a que se enfríe...
2025-02-21 10:00:47,007 - INFO - La herramienta está caliente (> 45°C). Esperando a que se enfríe...
2025-02-21 10:00:57,460 - INFO - La herramienta está caliente (> 45°C). Esperando a que se enfríe...
2025-02-21 10:01:07,473 - INFO - La herramienta está caliente (> 45°C). Esperando a que se enfríe...
2025-02-21 10:01:17,490 - INFO - La herramienta está caliente (> 45°C). Esperando a que se enfríe...
2025-02-21 10:01:27,510 - INFO - La herramienta está caliente (> 45°C). Esperando a que se enfríe...
2025-02-21 10:01:37,522 - INFO - La herramienta está caliente (> 45°C). Esperando a que se enfríe...
2025-02-21 10:01:47,539 - INFO - La herramienta está caliente (> 45°C). Esperando a que se enfríe...
2025-02-21 10:01:57,557 - INFO - La herramienta está caliente (> 45°C). Esperando a que se enfríe...
2025-02-21 10:02:07,576 - INFO - La herramienta está caliente (> 45°C). Esperando a que se enfríe...
2025-02-21 10:02:17,597 - INFO - La herramienta está caliente (> 45°C). Esperando a que se enfríe...
2025-02-21 10:02:27,622 - INFO - La herramienta está caliente (> 45°C). Esperando a que se enfríe...
2025-02-21 10:02:37,637 - INFO - La herramienta está caliente (> 45°C). Esperando a que se enfríe...
2025-02-21 10:02:47,655 - INFO - La herramienta está caliente (> 45°C). Esperando a que se enfríe...
2025-02-21 10:02:57,672 - INFO - La herramienta está caliente (> 45°C). Esperando a que se enfríe...
2025-02-21 10:03:07,698 - INFO - La herramienta está caliente (> 45°C). Esperando a que se enfríe...
2025-02-21 10:03:17,719 - INFO - La herramienta está caliente (> 45°C). Esperando a que se enfríe...
2025-02-21 10:03:27,731 - INFO - La herramienta está caliente (> 45°C). Esperando a que se enfríe...
2025-02-21 10:03:37,753 - INFO - La herramienta está caliente (> 45°C). Esperando a que se enfríe...
2025-02-21 10:03:47,766 - INFO - La herramienta está caliente (> 45°C). Esperando a que se enfríe...
2025-02-21 10:03:57,779 - INFO - La herramienta está caliente (> 45°C). Esperando a que se enfríe...
2025-02-21 10:04:07,793 - INFO - La herramienta está caliente (> 45°C). Esperando a que se enfríe...
2025-02-21 10:04:17,808 - INFO - La herramienta está caliente (> 45°C). Esperando a que se enfríe...
2025-02-21 10:04:27,820 - INFO - La herramienta está caliente (> 45°C). Esperando a que se enfríe...
2025-02-21 10:04:37,827 - INFO - La impresora esta ocupada. Cancelando apagado.
2025-02-21 10:04:37,834 - INFO - La impresora esta ocupada. Cancelando apagado.
2025-02-21 10:04:37,841 - INFO - La impresora esta ocupada. Cancelando apagado.
2025-02-21 10:22:31,150 - INFO - La impresora esta ocupada. Cancelando apagado.
2025-02-21 10:22:32,168 - INFO - La herramienta está caliente (> 45°C). Esperando a que se enfríe...
2025-02-21 10:22:42,180 - INFO - La herramienta está caliente (> 45°C). Esperando a que se enfríe...
2025-02-21 10:22:52,193 - INFO - La herramienta está caliente (> 45°C). Esperando a que se enfríe...
2025-02-21 10:23:02,222 - INFO - La herramienta está caliente (> 45°C). Esperando a que se enfríe...
2025-02-21 10:23:12,238 - INFO - La herramienta está caliente (> 45°C). Esperando a que se enfríe...
2025-02-21 10:23:22,251 - INFO - La herramienta está caliente (> 45°C). Esperando a que se enfríe...
2025-02-21 10:23:32,263 - INFO - La herramienta está caliente (> 45°C). Esperando a que se enfríe...
2025-02-21 10:23:42,279 - INFO - La herramienta está caliente (> 45°C). Esperando a que se enfríe...
2025-02-21 10:23:52,293 - INFO - La herramienta está caliente (> 45°C). Esperando a que se enfríe...
2025-02-21 10:24:02,307 - INFO - La herramienta está caliente (> 45°C). Esperando a que se enfríe...
2025-02-21 10:24:12,324 - INFO - La herramienta está caliente (> 45°C). Esperando a que se enfríe...
2025-02-21 10:24:22,345 - INFO - La herramienta está caliente (> 45°C). Esperando a que se enfríe...
2025-02-21 10:24:32,369 - INFO - La herramienta está caliente (> 45°C). Esperando a que se enfríe...
2025-02-21 10:24:42,388 - INFO - La herramienta está caliente (> 45°C). Esperando a que se enfríe...
2025-02-21 10:24:52,401 - INFO - La herramienta está caliente (> 45°C). Esperando a que se enfríe...
2025-02-21 10:25:02,414 - INFO - La herramienta está caliente (> 45°C). Esperando a que se enfríe...
2025-02-21 10:25:12,432 - INFO - La herramienta está caliente (> 45°C). Esperando a que se enfríe...
2025-02-21 10:25:22,445 - INFO - La herramienta está caliente (> 45°C). Esperando a que se enfríe...
2025-02-21 10:25:32,459 - INFO - La herramienta está caliente (> 45°C). Esperando a que se enfríe...
2025-02-21 10:25:42,475 - INFO - La herramienta está caliente (> 45°C). Esperando a que se enfríe...
2025-02-21 10:25:52,487 - INFO - La herramienta está caliente (> 45°C). Esperando a que se enfríe...
2025-02-21 10:26:02,503 - INFO - La herramienta está caliente (> 45°C). Esperando a que se enfríe...
2025-02-21 10:26:12,523 - INFO - La herramienta está caliente (> 45°C). Esperando a que se enfríe...
2025-02-21 10:26:22,536 - INFO - La herramienta está caliente (> 45°C). Esperando a que se enfríe...
2025-02-21 10:26:32,549 - INFO - La herramienta está caliente (> 45°C). Esperando a que se enfríe...
2025-02-21 10:26:42,573 - INFO - La herramienta está caliente (> 45°C). Esperando a que se enfríe...
2025-02-21 10:26:52,593 - INFO - La herramienta está caliente (> 45°C). Esperando a que se enfríe...
2025-02-21 10:27:02,619 - INFO - La herramienta está caliente (> 45°C). Esperando a que se enfríe...
2025-02-21 10:27:12,634 - INFO - La herramienta está caliente (> 45°C). Esperando a que se enfríe...
2025-02-21 10:27:22,647 - INFO - La herramienta está caliente (> 45°C). Esperando a que se enfríe...
2025-02-21 10:27:32,662 - INFO - La herramienta está caliente (> 45°C). Esperando a que se enfríe...
2025-02-21 10:27:42,698 - INFO - La herramienta está caliente (> 45°C). Esperando a que se enfríe...
2025-02-21 10:27:52,711 - INFO - La herramienta está caliente (> 45°C). Esperando a que se enfríe...
2025-02-21 10:28:02,735 - INFO - La herramienta está caliente (> 45°C). Esperando a que se enfríe...
2025-02-21 10:28:12,755 - INFO - La herramienta está caliente (> 45°C). Esperando a que se enfríe...
2025-02-21 10:28:22,769 - INFO - La herramienta está caliente (> 45°C). Esperando a que se enfríe...
2025-02-21 10:28:32,784 - INFO - La herramienta está caliente (> 45°C). Esperando a que se enfríe...
2025-02-21 10:28:42,806 - INFO - La herramienta está caliente (> 45°C). Esperando a que se enfríe...
2025-02-21 10:28:52,825 - INFO - La herramienta está caliente (> 45°C). Esperando a que se enfríe...
2025-02-21 10:29:02,859 - INFO - La herramienta está caliente (> 45°C). Esperando a que se enfríe...
2025-02-21 10:29:12,874 - INFO - La herramienta está caliente (> 45°C). Esperando a que se enfríe...
2025-02-21 10:29:22,892 - INFO - La herramienta está caliente (> 45°C). Esperando a que se enfríe...
2025-02-21 10:29:32,907 - INFO - La herramienta está caliente (> 45°C). Esperando a que se enfríe...
2025-02-21 10:29:42,922 - INFO - La herramienta está caliente (> 45°C). Esperando a que se enfríe...
2025-02-21 10:29:52,942 - INFO - La herramienta está caliente (> 45°C). Esperando a que se enfríe...
2025-02-21 10:30:02,958 - INFO - La herramienta está caliente (> 45°C). Esperando a que se enfríe...
2025-02-21 10:30:12,980 - INFO - La herramienta está caliente (> 45°C). Esperando a que se enfríe...
2025-02-21 10:30:23,011 - INFO - La herramienta está caliente (> 45°C). Esperando a que se enfríe...
2025-02-21 10:30:33,032 - INFO - La herramienta está caliente (> 45°C). Esperando a que se enfríe...
2025-02-21 10:30:43,047 - INFO - Procediendo al apagado.
2025-02-21 10:30:43,243 - INFO - Impresora apagada.
2025-02-21 10:30:43,243 - INFO - La impresora se apagó exitosamente.
2025-02-21 10:30:43,258 - INFO - Procediendo al apagado.
2025-02-21 10:30:43,274 - INFO - Impresora apagada.
2025-02-21 10:30:43,275 - INFO - La impresora se apagó exitosamente.
2025-02-21 23:50:37,051 - WARNING - Esperando conexión a la red WiFi...
2025-02-21 23:50:42,053 - WARNING - Esperando conexión a la red WiFi...
2025-02-21 23:50:47,054 - WARNING - Esperando conexión a la red WiFi...
2025-02-21 23:50:52,055 - WARNING - Esperando conexión a la red WiFi...
2025-02-21 23:50:57,056 - WARNING - Esperando conexión a la red WiFi...
2025-02-21 23:51:02,057 - WARNING - Esperando conexión a la red WiFi...
2025-02-21 23:51:07,058 - WARNING - Esperando conexión a la red WiFi...
2025-02-21 23:51:12,058 - WARNING - Esperando conexión a la red WiFi...
2025-02-21 23:51:17,059 - WARNING - Esperando conexión a la red WiFi...
2025-02-21 23:51:22,060 - WARNING - Esperando conexión a la red WiFi...
2025-02-21 23:51:27,061 - WARNING - Esperando conexión a la red WiFi...
2025-02-21 23:51:32,062 - WARNING - Esperando conexión a la red WiFi...
2025-02-21 23:51:37,082 - INFO - Conectado a la red WiFi.
2025-02-21 23:51:37,134 - INFO - Conexión con TAPO P115 exitosa.
2025-02-23 01:15:36,871 - WARNING - Esperando conexión a la red WiFi...
2025-02-23 01:15:41,875 - WARNING - Esperando conexión a la red WiFi...
2025-02-23 01:15:46,877 - WARNING - Esperando conexión a la red WiFi...
2025-02-23 01:15:51,878 - WARNING - Esperando conexión a la red WiFi...
2025-02-23 01:15:56,879 - WARNING - Esperando conexión a la red WiFi...
2025-02-23 01:16:01,880 - WARNING - Esperando conexión a la red WiFi...
2025-02-23 01:16:06,880 - WARNING - Esperando conexión a la red WiFi...
2025-02-23 01:16:11,882 - WARNING - Esperando conexión a la red WiFi...
2025-02-23 01:16:16,883 - WARNING - Esperando conexión a la red WiFi...
2025-02-23 01:16:21,884 - WARNING - Esperando conexión a la red WiFi...
2025-02-23 01:16:26,885 - WARNING - Esperando conexión a la red WiFi...
2025-02-23 01:16:31,885 - WARNING - Esperando conexión a la red WiFi...
2025-02-23 01:16:36,905 - INFO - Conectado a la red WiFi.
2025-02-23 01:16:37,027 - INFO - Conexión con TAPO P115 exitosa.
2025-02-23 10:25:59,742 - INFO - Impresora encendida.
2025-02-23 10:26:00,768 - INFO - Impresora encendida.
2025-02-23 10:26:01,792 - INFO - Impresora encendida.
